<?xml version="1.0" encoding="UTF-8"?>
<coverage generated="1743000840947" clover="3.2.0">
  <project timestamp="1743000840947" name="All files">
    <metrics statements="2" coveredstatements="2" conditionals="0" coveredconditionals="0" methods="1" coveredmethods="1" elements="3" coveredelements="3" complexity="0" loc="2" ncloc="2" packages="1" files="1" classes="1"/>
    <file name="index.jsx" path="C:\G-STUFF\cursos\udemy\react_next\section2\project\meu-projeto\src\components\Button\index.jsx">
      <metrics statements="2" coveredstatements="2" conditionals="0" coveredconditionals="0" methods="1" coveredmethods="1"/>
      <line num="4" count="1" type="stmt"/>
      <line num="5" count="4" type="stmt"/>
    </file>
  </project>
</coverage>
