{"C:\\G-STUFF\\cursos\\udemy\\react_next\\section2\\project\\meu-projeto\\src\\components\\Button\\index.jsx": {"path":"C:\\G-STUFF\\cursos\\udemy\\react_next\\section2\\project\\meu-projeto\\src\\components\\Button\\index.jsx","statementMap":{"0":{"start":{"line":4,"column":22},"end":{"line":10,"column":1}},"1":{"start":{"line":5,"column":2},"end":{"line":9,"column":4}}},"fnMap":{"0":{"name":"(anonymous_0)","decl":{"start":{"line":4,"column":22},"end":{"line":4,"column":23}},"loc":{"start":{"line":4,"column":55},"end":{"line":10,"column":1}},"line":4}},"branchMap":{},"s":{"0":1,"1":4},"f":{"0":4},"b":{},"_coverageSchema":"1a1c01bbd47fc00a2c39e90264f33305004495a9","hash":"a32cfeb39f2c763df774e771c033df1a8cd52c91"}
}
